  
  Microsoft (R) Program Maintenance Utility Version 11.00.50727.1
  Copyright (C) Microsoft Corporation.  All rights reserved.
  
  	copy lib\python3.dll python3.dll
          1 file(s) copied.
  	cl pyemb1.c /I "include/" /I "inc/" lib\python34.lib
  Microsoft (R) C/C++ Optimizing Compiler Version 17.00.50727.1 for x86
  Copyright (C) Microsoft Corporation.  All rights reserved.
  
  pyemb1.c
  Microsoft (R) Incremental Linker Version 11.00.50727.1
  Copyright (C) Microsoft Corporation.  All rights reserved.
  
  /out:pyemb1.exe 
  pyemb1.obj 
  lib\python34.lib 
  	cl pyemb2.c /I "include/" /I "inc/" lib\python34.lib
  Microsoft (R) C/C++ Optimizing Compiler Version 17.00.50727.1 for x86
  Copyright (C) Microsoft Corporation.  All rights reserved.
  
  pyemb2.c
  Microsoft (R) Incremental Linker Version 11.00.50727.1
  Copyright (C) Microsoft Corporation.  All rights reserved.
  
  /out:pyemb2.exe 
  pyemb2.obj 
  lib\python34.lib 
  	cl pyemb3.c /I "include/" /I "inc/" lib\python34.lib
  Microsoft (R) C/C++ Optimizing Compiler Version 17.00.50727.1 for x86
  Copyright (C) Microsoft Corporation.  All rights reserved.
  
  pyemb3.c
  Microsoft (R) Incremental Linker Version 11.00.50727.1
  Copyright (C) Microsoft Corporation.  All rights reserved.
  
  /out:pyemb3.exe 
  pyemb3.obj 
  lib\python34.lib 
  	cl pyemb4.cpp /EHsc /I "include/" /I "inc/" lib\python34.lib
  Microsoft (R) C/C++ Optimizing Compiler Version 17.00.50727.1 for x86
  Copyright (C) Microsoft Corporation.  All rights reserved.
  
  pyemb4.cpp
  Microsoft (R) Incremental Linker Version 11.00.50727.1
  Copyright (C) Microsoft Corporation.  All rights reserved.
  
  /out:pyemb4.exe 
  pyemb4.obj 
  lib\python34.lib 
  	cl pyemb5.cpp /EHsc /I "include/" /I "inc/" lib\python34.lib
  Microsoft (R) C/C++ Optimizing Compiler Version 17.00.50727.1 for x86
  Copyright (C) Microsoft Corporation.  All rights reserved.
  
  pyemb5.cpp
  Microsoft (R) Incremental Linker Version 11.00.50727.1
  Copyright (C) Microsoft Corporation.  All rights reserved.
  
  /out:pyemb5.exe 
  pyemb5.obj 
  lib\python34.lib 
  	cl pyemb6.cpp /EHsc /I "include/" /I "inc/" lib\python34.lib
  Microsoft (R) C/C++ Optimizing Compiler Version 17.00.50727.1 for x86
  Copyright (C) Microsoft Corporation.  All rights reserved.
  
  pyemb6.cpp
  Microsoft (R) Incremental Linker Version 11.00.50727.1
  Copyright (C) Microsoft Corporation.  All rights reserved.
  
  /out:pyemb6.exe 
  pyemb6.obj 
  lib\python34.lib 
  	cl pyemb7.c /I "include/" /I "inc/" lib\python34.lib
  Microsoft (R) C/C++ Optimizing Compiler Version 17.00.50727.1 for x86
  Copyright (C) Microsoft Corporation.  All rights reserved.
  
  pyemb7.c
  Microsoft (R) Incremental Linker Version 11.00.50727.1
  Copyright (C) Microsoft Corporation.  All rights reserved.
  
  /out:pyemb7.exe 
  pyemb7.obj 
  lib\python34.lib 
